
> efd-react@1.3.1 build
> next build

^Cnpm ERR! Lifecycle script `build` failed with error: 
npm ERR! Error: command failed 
npm ERR!   in workspace: efd-react@1.3.1 
npm ERR!   at location: C:\Users\jacob\OneDrive\desktop\Projects\crittercodes\EngelFineDesign\web\efd-admin 
